<?xml version="1.0" encoding="UTF-8"?>
<testsuite name="HW2" tests="1" skipped="0" failures="0" errors="0" timestamp="2021-07-23T12:57:24" hostname="DESKTOP-GT02KO6" time="25.647">
  <properties/>
  <testcase name="selenideFormFill()" classname="HW2" time="25.647"/>
  <system-out><![CDATA[]]></system-out>
  <system-err><![CDATA[[Test worker] INFO HW2 - @BeforeAll
[Test worker] INFO com.codeborne.selenide.impl.WebDriverThreadLocalContainer - No webdriver is bound to current thread: 22 - let's create a new webdriver
[Test worker] INFO com.codeborne.selenide.impl.FileHelper - Creating folder: C:\Users\A110\Desktop\QAGURU\Урок8\HW2\build\downloads\1627045044510_14260_22
[Test worker] INFO io.github.bonigarcia.wdm.WebDriverManager - Using chromedriver 91.0.4472.101 (resolved driver for Chrome 91)
[Test worker] INFO io.github.bonigarcia.wdm.WebDriverManager - Exporting webdriver.chrome.driver as C:\Users\A110\.cache\selenium\chromedriver\win32\91.0.4472.101\chromedriver.exe
Starting ChromeDriver 91.0.4472.101 (af52a90bf87030dd1523486a1cd3ae25c5d76c9b-refs/branch-heads/4472@{#1462}) on port 3710
Only local connections are allowed.
Please see https://chromedriver.chromium.org/security-considerations for suggestions on keeping ChromeDriver safe.
ChromeDriver was started successfully.
июл. 23, 2021 3:57:27 PM org.openqa.selenium.remote.ProtocolHandshake createSession
INFO: Detected dialect: W3C
[Test worker] INFO com.codeborne.selenide.webdriver.WebDriverFactory - BrowserName=chrome Version=91.0.4472.164 Platform=WINDOWS
[Test worker] INFO com.codeborne.selenide.webdriver.WebDriverFactory - Selenide v. 5.20.3
[Test worker] INFO com.codeborne.selenide.webdriver.WebDriverFactory - Selenium WebDriver v. 3.141.59 build time: 2018-11-14T08:17:03
[Test worker] INFO com.codeborne.selenide.drivercommands.CreateDriverCommand - Create webdriver in current thread 22: ChromeDriver -> ChromeDriver: chrome on WINDOWS (6bae2c02c669894c3986c9dcdf7e711b)
]]></system-err>
</testsuite>
